<?xml version="1.0" encoding="UTF-8"?>
<!-- Generated by org.testng.reporters.JUnitXMLReporter -->
<testsuite ignored="0" hostname="HALU" failures="1" tests="1" name="Test" time="6.641" errors="0" timestamp="2025-07-09T00:19:51 IST">
  <testcase classname="testCases.TC002_LoginTest" name="verify_Login" time="0.01">
    <failure type="java.lang.Error" message="Unresolved compilation problems: 
	The constructor LoginPage(WebDriver) is not visible
	The constructor MyAccountPage(WebDriver) is not visible
">
      <![CDATA[java.lang.Error: Unresolved compilation problems: 
The constructor LoginPage(WebDriver) is not visible
The constructor MyAccountPage(WebDriver) is not visible

at testCases.TC002_LoginTest.verify_Login(TC002_LoginTest.java:28)
at java.base/java.util.ArrayList.forEach(ArrayList.java:1511)
... Removed 27 stack frames]]>
    </failure>
  </testcase> <!-- verify_Login -->
</testsuite> <!-- Test -->
